<?xml version="1.0" encoding="UTF-8"?>
<!-- Generated by org.testng.reporters.JUnitReportReporter -->
<testsuite hostname="PP-ZT-L-039" failures="0" tests="3" name="testgroup.TestClass" time="0.016" errors="0" timestamp="2023-11-23T23:57:43 EET" skipped="0">
  <testcase classname="testgroup.TestClass" name="setup" time="0.016"/>
  <testcase classname="testgroup.TestClass" name="testSteps" time="0.000"/>
  <testcase classname="testgroup.TestClass" name="testLast" time="0.000"/>
</testsuite> <!-- testgroup.TestClass -->
